g:\c语言\c++练习\练习\练习\x64\debug\vc143.pdb
g:\c语言\c++练习\练习\练习\x64\debug\vc143.idb
g:\c语言\c++练习\练习\练习\x64\debug\结构体.obj
g:\c语言\c++练习\练习\练习\x64\debug\水仙花数字.obj
g:\c语言\c++练习\练习\练习\x64\debug\文件.obj
g:\c语言\c++练习\练习\练习\x64\debug\字符串2.obj
g:\c语言\c++练习\练习\练习\x64\debug\字符串.obj
g:\c语言\c++练习\练习\练习\x64\debug\回文数.obj
g:\c语言\c++练习\练习\练习\x64\debug\动态内存分布.obj
g:\c语言\c++练习\练习\练习\x64\debug\两数之和复习.obj
g:\c语言\c++练习\练习\练习\x64\debug\easyxxxxxx.obj
g:\c语言\c++练习\练习\练习\x64\debug\filename.obj
g:\c语言\c++练习\练习\练习\x64\debug\链表的表示与实现.obj
g:\c语言\c++练习\练习\练习\x64\debug\罗马数字转换为整型.obj
g:\c语言\c++练习\练习\练习\x64\debug\线性表顺序表示和实现.obj
g:\c语言\c++练习\练习\练习\x64\debug\移除元素.obj
g:\c语言\c++练习\练习\练习\x64\debug\栈的表示与实现.obj
g:\c语言\c++练习\练习\练习\x64\debug\有效的括号.obj
g:\c语言\c++练习\练习\练习\x64\debug\最长公共前缀.obj
g:\c语言\c++练习\练习\练习\x64\debug\删除数组中重复部分.obj
g:\c语言\c++练习\练习\练习\x64\debug\连接两个链表.obj
g:\c语言\c++练习\练习\练习\x64\debug\练习.tlog\cl.command.1.tlog
g:\c语言\c++练习\练习\练习\x64\debug\练习.tlog\cl.read.1.tlog
g:\c语言\c++练习\练习\练习\x64\debug\练习.tlog\cl.write.1.tlog
